{"/mnt/d/projetos/Land-Refrimix/backend/src/app.ts": {"path":"/mnt/d/projetos/Land-Refrimix/backend/src/app.ts","all":false,"statementMap":{"0":{"start":{"line":1,"column":0},"end":{"line":1,"column":30}},"7":{"start":{"line":8,"column":0},"end":{"line":8,"column":29}},"10":{"start":{"line":11,"column":0},"end":{"line":11,"column":100}},"11":{"start":{"line":12,"column":0},"end":{"line":12,"column":55}},"14":{"start":{"line":15,"column":0},"end":{"line":15,"column":23}},"15":{"start":{"line":16,"column":0},"end":{"line":16,"column":25}},"16":{"start":{"line":17,"column":0},"end":{"line":17,"column":17}},"19":{"start":{"line":20,"column":0},"end":{"line":20,"column":41}},"22":{"start":{"line":23,"column":0},"end":{"line":23,"column":55}},"23":{"start":{"line":24,"column":0},"end":{"line":24,"column":56}},"24":{"start":{"line":25,"column":0},"end":{"line":25,"column":41}},"25":{"start":{"line":26,"column":0},"end":{"line":26,"column":118}},"26":{"start":{"line":27,"column":0},"end":{"line":27,"column":3}},"27":{"start":{"line":28,"column":0},"end":{"line":28,"column":35}},"28":{"start":{"line":29,"column":0},"end":{"line":29,"column":107}},"29":{"start":{"line":30,"column":0},"end":{"line":30,"column":3}},"30":{"start":{"line":31,"column":0},"end":{"line":31,"column":12}},"31":{"start":{"line":32,"column":0},"end":{"line":32,"column":3}},"34":{"start":{"line":35,"column":0},"end":{"line":35,"column":37}},"37":{"start":{"line":38,"column":0},"end":{"line":38,"column":49}},"40":{"start":{"line":41,"column":0},"end":{"line":41,"column":35}},"43":{"start":{"line":44,"column":0},"end":{"line":44,"column":70}},"46":{"start":{"line":47,"column":0},"end":{"line":47,"column":96}}},"s":{"0":1,"7":1,"10":1,"11":1,"14":1,"15":1,"16":1,"19":1,"22":1,"23":2,"24":2,"25":1,"26":1,"27":1,"28":1,"29":1,"30":0,"31":0,"34":1,"37":1,"40":1,"43":1,"46":1},"branchMap":{"0":{"type":"branch","line":11,"loc":{"start":{"line":11,"column":85},"end":{"line":11,"column":98}},"locations":[{"start":{"line":11,"column":85},"end":{"line":11,"column":98}}]},"1":{"type":"branch","line":23,"loc":{"start":{"line":23,"column":8},"end":{"line":32,"column":3}},"locations":[{"start":{"line":23,"column":8},"end":{"line":32,"column":3}}]},"2":{"type":"branch","line":24,"loc":{"start":{"line":24,"column":48},"end":{"line":24,"column":56}},"locations":[{"start":{"line":24,"column":48},"end":{"line":24,"column":56}}]},"3":{"type":"branch","line":25,"loc":{"start":{"line":25,"column":40},"end":{"line":30,"column":3}},"locations":[{"start":{"line":25,"column":40},"end":{"line":30,"column":3}}]},"4":{"type":"branch","line":30,"loc":{"start":{"line":30,"column":2},"end":{"line":32,"column":3}},"locations":[{"start":{"line":30,"column":2},"end":{"line":32,"column":3}}]},"5":{"type":"branch","line":44,"loc":{"start":{"line":44,"column":19},"end":{"line":44,"column":68}},"locations":[{"start":{"line":44,"column":19},"end":{"line":44,"column":68}}]},"6":{"type":"branch","line":47,"loc":{"start":{"line":47,"column":13},"end":{"line":47,"column":94}},"locations":[{"start":{"line":47,"column":13},"end":{"line":47,"column":94}}]}},"b":{"0":[1],"1":[2],"2":[0],"3":[1],"4":[0],"5":[1],"6":[1]},"fnMap":{},"f":{}}
,"/mnt/d/projetos/Land-Refrimix/backend/src/middlewares/rateLimit.ts": {"path":"/mnt/d/projetos/Land-Refrimix/backend/src/middlewares/rateLimit.ts","all":false,"statementMap":{"3":{"start":{"line":4,"column":0},"end":{"line":4,"column":42}},"5":{"start":{"line":6,"column":0},"end":{"line":6,"column":74}},"6":{"start":{"line":7,"column":0},"end":{"line":7,"column":63}},"7":{"start":{"line":8,"column":0},"end":{"line":8,"column":93}},"8":{"start":{"line":9,"column":0},"end":{"line":9,"column":73}},"9":{"start":{"line":10,"column":0},"end":{"line":10,"column":122}},"10":{"start":{"line":11,"column":0},"end":{"line":11,"column":103}},"11":{"start":{"line":12,"column":0},"end":{"line":12,"column":27}},"12":{"start":{"line":13,"column":0},"end":{"line":13,"column":76}},"13":{"start":{"line":14,"column":0},"end":{"line":14,"column":31}},"14":{"start":{"line":15,"column":0},"end":{"line":15,"column":23}},"15":{"start":{"line":16,"column":0},"end":{"line":16,"column":38}},"16":{"start":{"line":17,"column":0},"end":{"line":17,"column":5}},"17":{"start":{"line":18,"column":0},"end":{"line":18,"column":22}},"18":{"start":{"line":19,"column":0},"end":{"line":19,"column":28}},"20":{"start":{"line":21,"column":0},"end":{"line":21,"column":29}},"21":{"start":{"line":22,"column":0},"end":{"line":22,"column":66}},"22":{"start":{"line":23,"column":0},"end":{"line":23,"column":55}},"23":{"start":{"line":24,"column":0},"end":{"line":24,"column":35}},"24":{"start":{"line":25,"column":0},"end":{"line":25,"column":72}},"25":{"start":{"line":26,"column":0},"end":{"line":26,"column":19}},"26":{"start":{"line":27,"column":0},"end":{"line":27,"column":54}},"27":{"start":{"line":28,"column":0},"end":{"line":28,"column":9}},"28":{"start":{"line":29,"column":0},"end":{"line":29,"column":5}},"29":{"start":{"line":30,"column":0},"end":{"line":30,"column":11}},"30":{"start":{"line":31,"column":0},"end":{"line":31,"column":4}},"31":{"start":{"line":32,"column":0},"end":{"line":32,"column":1}}},"s":{"3":1,"5":1,"6":1,"7":14,"8":14,"9":14,"10":14,"11":14,"12":14,"13":14,"14":0,"15":0,"16":0,"17":14,"18":14,"20":14,"21":6,"22":6,"23":6,"24":6,"25":6,"26":6,"27":6,"28":6,"29":8,"30":14,"31":1},"branchMap":{"0":{"type":"branch","line":6,"loc":{"start":{"line":6,"column":7},"end":{"line":32,"column":1}},"locations":[{"start":{"line":6,"column":7},"end":{"line":32,"column":1}}]},"1":{"type":"branch","line":7,"loc":{"start":{"line":7,"column":9},"end":{"line":31,"column":4}},"locations":[{"start":{"line":7,"column":9},"end":{"line":31,"column":4}}]},"2":{"type":"branch","line":8,"loc":{"start":{"line":8,"column":21},"end":{"line":8,"column":42}},"locations":[{"start":{"line":8,"column":21},"end":{"line":8,"column":42}}]},"3":{"type":"branch","line":9,"loc":{"start":{"line":9,"column":16},"end":{"line":9,"column":32}},"locations":[{"start":{"line":9,"column":16},"end":{"line":9,"column":32}}]},"4":{"type":"branch","line":9,"loc":{"start":{"line":9,"column":51},"end":{"line":9,"column":71}},"locations":[{"start":{"line":9,"column":51},"end":{"line":9,"column":71}}]},"5":{"type":"branch","line":10,"loc":{"start":{"line":10,"column":48},"end":{"line":10,"column":112}},"locations":[{"start":{"line":10,"column":48},"end":{"line":10,"column":112}}]},"6":{"type":"branch","line":11,"loc":{"start":{"line":11,"column":34},"end":{"line":11,"column":81}},"locations":[{"start":{"line":11,"column":34},"end":{"line":11,"column":81}}]},"7":{"type":"branch","line":11,"loc":{"start":{"line":11,"column":64},"end":{"line":11,"column":92}},"locations":[{"start":{"line":11,"column":64},"end":{"line":11,"column":92}}]},"8":{"type":"branch","line":13,"loc":{"start":{"line":13,"column":33},"end":{"line":13,"column":76}},"locations":[{"start":{"line":13,"column":33},"end":{"line":13,"column":76}}]},"9":{"type":"branch","line":14,"loc":{"start":{"line":14,"column":30},"end":{"line":17,"column":5}},"locations":[{"start":{"line":14,"column":30},"end":{"line":17,"column":5}}]},"10":{"type":"branch","line":21,"loc":{"start":{"line":21,"column":28},"end":{"line":29,"column":5}},"locations":[{"start":{"line":21,"column":28},"end":{"line":29,"column":5}}]},"11":{"type":"branch","line":27,"loc":{"start":{"line":27,"column":47},"end":{"line":27,"column":54}},"locations":[{"start":{"line":27,"column":47},"end":{"line":27,"column":54}}]},"12":{"type":"branch","line":29,"loc":{"start":{"line":29,"column":4},"end":{"line":30,"column":11}},"locations":[{"start":{"line":29,"column":4},"end":{"line":30,"column":11}}]}},"b":{"0":[1],"1":[14],"2":[0],"3":[0],"4":[6],"5":[0],"6":[0],"7":[0],"8":[1],"9":[0],"10":[6],"11":[0],"12":[8]},"fnMap":{"0":{"name":"rateLimit","decl":{"start":{"line":6,"column":7},"end":{"line":32,"column":1}},"loc":{"start":{"line":6,"column":7},"end":{"line":32,"column":1}},"line":6}},"f":{"0":1}}
,"/mnt/d/projetos/Land-Refrimix/backend/src/middlewares/requestId.ts": {"path":"/mnt/d/projetos/Land-Refrimix/backend/src/middlewares/requestId.ts","all":false,"statementMap":{"2":{"start":{"line":3,"column":0},"end":{"line":3,"column":18}},"3":{"start":{"line":4,"column":0},"end":{"line":4,"column":84}},"4":{"start":{"line":5,"column":0},"end":{"line":5,"column":1}},"6":{"start":{"line":7,"column":0},"end":{"line":7,"column":80}},"7":{"start":{"line":8,"column":0},"end":{"line":8,"column":77}},"8":{"start":{"line":9,"column":0},"end":{"line":9,"column":31}},"9":{"start":{"line":10,"column":0},"end":{"line":10,"column":37}},"10":{"start":{"line":11,"column":0},"end":{"line":11,"column":9}},"11":{"start":{"line":12,"column":0},"end":{"line":12,"column":1}}},"s":{"2":18,"3":18,"4":18,"6":1,"7":18,"8":18,"9":18,"10":18,"11":18},"branchMap":{"0":{"type":"branch","line":3,"loc":{"start":{"line":3,"column":0},"end":{"line":5,"column":1}},"locations":[{"start":{"line":3,"column":0},"end":{"line":5,"column":1}}]},"1":{"type":"branch","line":7,"loc":{"start":{"line":7,"column":7},"end":{"line":12,"column":1}},"locations":[{"start":{"line":7,"column":7},"end":{"line":12,"column":1}}]}},"b":{"0":[18],"1":[18]},"fnMap":{"0":{"name":"genId","decl":{"start":{"line":3,"column":0},"end":{"line":5,"column":1}},"loc":{"start":{"line":3,"column":0},"end":{"line":5,"column":1}},"line":3},"1":{"name":"withRequestId","decl":{"start":{"line":7,"column":7},"end":{"line":12,"column":1}},"loc":{"start":{"line":7,"column":7},"end":{"line":12,"column":1}},"line":7}},"f":{"0":18,"1":18}}
,"/mnt/d/projetos/Land-Refrimix/backend/src/middlewares/security.ts": {"path":"/mnt/d/projetos/Land-Refrimix/backend/src/middlewares/security.ts","all":false,"statementMap":{"2":{"start":{"line":3,"column":0},"end":{"line":3,"column":82}},"3":{"start":{"line":4,"column":0},"end":{"line":4,"column":53}},"4":{"start":{"line":5,"column":0},"end":{"line":5,"column":43}},"6":{"start":{"line":7,"column":0},"end":{"line":7,"column":153}},"7":{"start":{"line":8,"column":0},"end":{"line":8,"column":48}},"9":{"start":{"line":10,"column":0},"end":{"line":10,"column":46}},"10":{"start":{"line":11,"column":0},"end":{"line":11,"column":95}},"11":{"start":{"line":12,"column":0},"end":{"line":12,"column":3}},"12":{"start":{"line":13,"column":0},"end":{"line":13,"column":9}},"13":{"start":{"line":14,"column":0},"end":{"line":14,"column":1}},"15":{"start":{"line":16,"column":0},"end":{"line":16,"column":74}},"16":{"start":{"line":17,"column":0},"end":{"line":17,"column":45}},"17":{"start":{"line":18,"column":0},"end":{"line":18,"column":9}},"18":{"start":{"line":19,"column":0},"end":{"line":19,"column":1}},"20":{"start":{"line":21,"column":0},"end":{"line":21,"column":90}},"21":{"start":{"line":22,"column":0},"end":{"line":22,"column":47}},"22":{"start":{"line":23,"column":0},"end":{"line":23,"column":72}},"23":{"start":{"line":24,"column":0},"end":{"line":24,"column":34}},"24":{"start":{"line":25,"column":0},"end":{"line":25,"column":50}},"25":{"start":{"line":26,"column":0},"end":{"line":26,"column":51}},"26":{"start":{"line":27,"column":0},"end":{"line":27,"column":110}},"27":{"start":{"line":28,"column":0},"end":{"line":28,"column":1}}},"s":{"2":1,"3":18,"4":18,"6":18,"7":18,"9":18,"10":18,"11":18,"12":18,"13":18,"15":1,"16":18,"17":18,"18":18,"20":1,"21":8,"22":8,"23":8,"24":8,"25":8,"26":1,"27":1},"branchMap":{"0":{"type":"branch","line":3,"loc":{"start":{"line":3,"column":7},"end":{"line":14,"column":1}},"locations":[{"start":{"line":3,"column":7},"end":{"line":14,"column":1}}]},"1":{"type":"branch","line":16,"loc":{"start":{"line":16,"column":7},"end":{"line":19,"column":1}},"locations":[{"start":{"line":16,"column":7},"end":{"line":19,"column":1}}]},"2":{"type":"branch","line":21,"loc":{"start":{"line":21,"column":7},"end":{"line":28,"column":1}},"locations":[{"start":{"line":21,"column":7},"end":{"line":28,"column":1}}]},"3":{"type":"branch","line":23,"loc":{"start":{"line":23,"column":51},"end":{"line":23,"column":72}},"locations":[{"start":{"line":23,"column":51},"end":{"line":23,"column":72}}]},"4":{"type":"branch","line":24,"loc":{"start":{"line":24,"column":20},"end":{"line":24,"column":34}},"locations":[{"start":{"line":24,"column":20},"end":{"line":24,"column":34}}]},"5":{"type":"branch","line":24,"loc":{"start":{"line":24,"column":32},"end":{"line":25,"column":47}},"locations":[{"start":{"line":24,"column":32},"end":{"line":25,"column":47}}]},"6":{"type":"branch","line":25,"loc":{"start":{"line":25,"column":42},"end":{"line":25,"column":50}},"locations":[{"start":{"line":25,"column":42},"end":{"line":25,"column":50}}]},"7":{"type":"branch","line":26,"loc":{"start":{"line":26,"column":37},"end":{"line":28,"column":1}},"locations":[{"start":{"line":26,"column":37},"end":{"line":28,"column":1}}]}},"b":{"0":[18],"1":[18],"2":[8],"3":[2],"4":[6],"5":[2],"6":[1],"7":[1]},"fnMap":{"0":{"name":"securityHeaders","decl":{"start":{"line":3,"column":7},"end":{"line":14,"column":1}},"loc":{"start":{"line":3,"column":7},"end":{"line":14,"column":1}},"line":3},"1":{"name":"noStore","decl":{"start":{"line":16,"column":7},"end":{"line":19,"column":1}},"loc":{"start":{"line":16,"column":7},"end":{"line":19,"column":1}},"line":16},"2":{"name":"requireAuthIfConfigured","decl":{"start":{"line":21,"column":7},"end":{"line":28,"column":1}},"loc":{"start":{"line":21,"column":7},"end":{"line":28,"column":1}},"line":21}},"f":{"0":18,"1":18,"2":8}}
,"/mnt/d/projetos/Land-Refrimix/backend/src/routes/ai.ts": {"path":"/mnt/d/projetos/Land-Refrimix/backend/src/routes/ai.ts","all":false,"statementMap":{"0":{"start":{"line":1,"column":0},"end":{"line":1,"column":49}},"4":{"start":{"line":5,"column":0},"end":{"line":5,"column":61}},"5":{"start":{"line":6,"column":0},"end":{"line":6,"column":68}},"6":{"start":{"line":7,"column":0},"end":{"line":7,"column":27}},"8":{"start":{"line":9,"column":0},"end":{"line":9,"column":7}},"9":{"start":{"line":10,"column":0},"end":{"line":10,"column":38}},"10":{"start":{"line":11,"column":0},"end":{"line":11,"column":140}},"11":{"start":{"line":12,"column":0},"end":{"line":12,"column":5}},"14":{"start":{"line":15,"column":0},"end":{"line":15,"column":49}},"15":{"start":{"line":16,"column":0},"end":{"line":16,"column":25}},"16":{"start":{"line":17,"column":0},"end":{"line":17,"column":112}},"17":{"start":{"line":18,"column":0},"end":{"line":18,"column":5}},"19":{"start":{"line":20,"column":0},"end":{"line":20,"column":41}},"20":{"start":{"line":21,"column":0},"end":{"line":21,"column":100}},"21":{"start":{"line":22,"column":0},"end":{"line":22,"column":40}},"22":{"start":{"line":23,"column":0},"end":{"line":23,"column":56}},"23":{"start":{"line":24,"column":0},"end":{"line":24,"column":56}},"24":{"start":{"line":25,"column":0},"end":{"line":25,"column":22}},"25":{"start":{"line":26,"column":0},"end":{"line":26,"column":40}},"26":{"start":{"line":27,"column":0},"end":{"line":27,"column":57}},"27":{"start":{"line":28,"column":0},"end":{"line":28,"column":45}},"28":{"start":{"line":29,"column":0},"end":{"line":29,"column":58}},"29":{"start":{"line":30,"column":0},"end":{"line":30,"column":118}},"30":{"start":{"line":31,"column":0},"end":{"line":31,"column":5}},"31":{"start":{"line":32,"column":0},"end":{"line":32,"column":50}},"32":{"start":{"line":33,"column":0},"end":{"line":33,"column":63}},"33":{"start":{"line":34,"column":0},"end":{"line":34,"column":127}},"34":{"start":{"line":35,"column":0},"end":{"line":35,"column":5}},"35":{"start":{"line":36,"column":0},"end":{"line":36,"column":81}},"36":{"start":{"line":37,"column":0},"end":{"line":37,"column":109}},"37":{"start":{"line":38,"column":0},"end":{"line":38,"column":3}},"38":{"start":{"line":39,"column":0},"end":{"line":39,"column":1}},"40":{"start":{"line":41,"column":0},"end":{"line":41,"column":69}},"41":{"start":{"line":42,"column":0},"end":{"line":42,"column":96}},"42":{"start":{"line":43,"column":0},"end":{"line":43,"column":1}},"43":{"start":{"line":44,"column":0},"end":{"line":44,"column":69}},"44":{"start":{"line":45,"column":0},"end":{"line":45,"column":97}},"45":{"start":{"line":46,"column":0},"end":{"line":46,"column":1}},"46":{"start":{"line":47,"column":0},"end":{"line":47,"column":70}},"47":{"start":{"line":48,"column":0},"end":{"line":48,"column":98}},"48":{"start":{"line":49,"column":0},"end":{"line":49,"column":1}}},"s":{"0":1,"4":7,"5":7,"6":7,"8":7,"9":7,"10":1,"11":1,"14":6,"15":7,"16":2,"17":2,"19":4,"20":7,"21":2,"22":2,"23":2,"24":2,"25":2,"26":2,"27":2,"28":1,"29":1,"30":1,"31":2,"32":0,"33":0,"34":0,"35":1,"36":1,"37":1,"38":7,"40":2,"41":2,"42":2,"43":1,"44":1,"45":1,"46":1,"47":1,"48":1},"branchMap":{"0":{"type":"branch","line":5,"loc":{"start":{"line":5,"column":0},"end":{"line":39,"column":1}},"locations":[{"start":{"line":5,"column":0},"end":{"line":39,"column":1}}]},"1":{"type":"branch","line":6,"loc":{"start":{"line":6,"column":49},"end":{"line":6,"column":68}},"locations":[{"start":{"line":6,"column":49},"end":{"line":6,"column":68}}]},"2":{"type":"branch","line":10,"loc":{"start":{"line":10,"column":37},"end":{"line":12,"column":5}},"locations":[{"start":{"line":10,"column":37},"end":{"line":12,"column":5}}]},"3":{"type":"branch","line":12,"loc":{"start":{"line":12,"column":4},"end":{"line":16,"column":24}},"locations":[{"start":{"line":12,"column":4},"end":{"line":16,"column":24}}]},"4":{"type":"branch","line":16,"loc":{"start":{"line":16,"column":24},"end":{"line":18,"column":5}},"locations":[{"start":{"line":16,"column":24},"end":{"line":18,"column":5}}]},"5":{"type":"branch","line":18,"loc":{"start":{"line":18,"column":4},"end":{"line":21,"column":92}},"locations":[{"start":{"line":18,"column":4},"end":{"line":21,"column":92}}]},"6":{"type":"branch","line":21,"loc":{"start":{"line":21,"column":69},"end":{"line":21,"column":97}},"locations":[{"start":{"line":21,"column":69},"end":{"line":21,"column":97}}]},"7":{"type":"branch","line":21,"loc":{"start":{"line":21,"column":98},"end":{"line":38,"column":3}},"locations":[{"start":{"line":21,"column":98},"end":{"line":38,"column":3}}]},"8":{"type":"branch","line":27,"loc":{"start":{"line":27,"column":28},"end":{"line":27,"column":55}},"locations":[{"start":{"line":27,"column":28},"end":{"line":27,"column":55}}]},"9":{"type":"branch","line":28,"loc":{"start":{"line":28,"column":44},"end":{"line":32,"column":49}},"locations":[{"start":{"line":28,"column":44},"end":{"line":32,"column":49}}]},"10":{"type":"branch","line":32,"loc":{"start":{"line":32,"column":49},"end":{"line":35,"column":5}},"locations":[{"start":{"line":32,"column":49},"end":{"line":35,"column":5}}]},"11":{"type":"branch","line":35,"loc":{"start":{"line":35,"column":4},"end":{"line":38,"column":3}},"locations":[{"start":{"line":35,"column":4},"end":{"line":38,"column":3}}]},"12":{"type":"branch","line":41,"loc":{"start":{"line":41,"column":0},"end":{"line":43,"column":1}},"locations":[{"start":{"line":41,"column":0},"end":{"line":43,"column":1}}]},"13":{"type":"branch","line":44,"loc":{"start":{"line":44,"column":0},"end":{"line":46,"column":1}},"locations":[{"start":{"line":44,"column":0},"end":{"line":46,"column":1}}]},"14":{"type":"branch","line":47,"loc":{"start":{"line":47,"column":0},"end":{"line":49,"column":1}},"locations":[{"start":{"line":47,"column":0},"end":{"line":49,"column":1}}]}},"b":{"0":[7],"1":[0],"2":[1],"3":[6],"4":[2],"5":[4],"6":[3],"7":[2],"8":[0],"9":[1],"10":[0],"11":[1],"12":[2],"13":[1],"14":[1]},"fnMap":{"0":{"name":"postChat","decl":{"start":{"line":5,"column":0},"end":{"line":39,"column":1}},"loc":{"start":{"line":5,"column":0},"end":{"line":39,"column":1}},"line":5},"1":{"name":"logInfo","decl":{"start":{"line":41,"column":0},"end":{"line":43,"column":1}},"loc":{"start":{"line":41,"column":0},"end":{"line":43,"column":1}},"line":41},"2":{"name":"logWarn","decl":{"start":{"line":44,"column":0},"end":{"line":46,"column":1}},"loc":{"start":{"line":44,"column":0},"end":{"line":46,"column":1}},"line":44},"3":{"name":"logError","decl":{"start":{"line":47,"column":0},"end":{"line":49,"column":1}},"loc":{"start":{"line":47,"column":0},"end":{"line":49,"column":1}},"line":47}},"f":{"0":7,"1":2,"2":1,"3":1}}
,"/mnt/d/projetos/Land-Refrimix/backend/src/services/aiService.ts": {"path":"/mnt/d/projetos/Land-Refrimix/backend/src/services/aiService.ts","all":false,"statementMap":{"2":{"start":{"line":3,"column":0},"end":{"line":3,"column":107}},"4":{"start":{"line":5,"column":0},"end":{"line":5,"column":70}},"5":{"start":{"line":6,"column":0},"end":{"line":6,"column":84}},"6":{"start":{"line":7,"column":0},"end":{"line":7,"column":119}},"7":{"start":{"line":8,"column":0},"end":{"line":8,"column":3}},"9":{"start":{"line":10,"column":0},"end":{"line":10,"column":55}},"10":{"start":{"line":11,"column":0},"end":{"line":11,"column":43}},"11":{"start":{"line":12,"column":0},"end":{"line":12,"column":64}},"12":{"start":{"line":13,"column":0},"end":{"line":13,"column":7}},"13":{"start":{"line":14,"column":0},"end":{"line":14,"column":32}},"14":{"start":{"line":15,"column":0},"end":{"line":15,"column":23}},"15":{"start":{"line":16,"column":0},"end":{"line":16,"column":14}},"16":{"start":{"line":17,"column":0},"end":{"line":17,"column":19}},"17":{"start":{"line":18,"column":0},"end":{"line":18,"column":69}},"18":{"start":{"line":19,"column":0},"end":{"line":19,"column":103}},"19":{"start":{"line":20,"column":0},"end":{"line":20,"column":10}},"20":{"start":{"line":21,"column":0},"end":{"line":21,"column":24}},"21":{"start":{"line":22,"column":0},"end":{"line":22,"column":8}},"22":{"start":{"line":23,"column":0},"end":{"line":23,"column":77}},"23":{"start":{"line":24,"column":0},"end":{"line":24,"column":23}},"24":{"start":{"line":25,"column":0},"end":{"line":25,"column":18}},"25":{"start":{"line":26,"column":0},"end":{"line":26,"column":66}},"26":{"start":{"line":27,"column":0},"end":{"line":27,"column":44}},"27":{"start":{"line":28,"column":0},"end":{"line":28,"column":10}},"28":{"start":{"line":29,"column":0},"end":{"line":29,"column":38}},"29":{"start":{"line":30,"column":0},"end":{"line":30,"column":33}},"30":{"start":{"line":31,"column":0},"end":{"line":31,"column":16}},"31":{"start":{"line":32,"column":0},"end":{"line":32,"column":20}},"32":{"start":{"line":33,"column":0},"end":{"line":33,"column":54}},"33":{"start":{"line":34,"column":0},"end":{"line":34,"column":81}},"34":{"start":{"line":35,"column":0},"end":{"line":35,"column":50}},"35":{"start":{"line":36,"column":0},"end":{"line":36,"column":7}},"36":{"start":{"line":37,"column":0},"end":{"line":37,"column":41}},"37":{"start":{"line":38,"column":0},"end":{"line":38,"column":59}},"38":{"start":{"line":39,"column":0},"end":{"line":39,"column":84}},"39":{"start":{"line":40,"column":0},"end":{"line":40,"column":28}},"40":{"start":{"line":41,"column":0},"end":{"line":41,"column":5}},"41":{"start":{"line":42,"column":0},"end":{"line":42,"column":44}},"42":{"start":{"line":43,"column":0},"end":{"line":43,"column":22}},"43":{"start":{"line":44,"column":0},"end":{"line":44,"column":72}},"44":{"start":{"line":45,"column":0},"end":{"line":45,"column":14}},"45":{"start":{"line":46,"column":0},"end":{"line":46,"column":13}},"46":{"start":{"line":47,"column":0},"end":{"line":47,"column":24}},"47":{"start":{"line":48,"column":0},"end":{"line":48,"column":3}},"48":{"start":{"line":49,"column":0},"end":{"line":49,"column":1}}},"s":{"2":4,"4":4,"5":2,"6":2,"7":2,"9":4,"10":4,"11":4,"12":4,"13":4,"14":1,"15":1,"16":1,"17":1,"18":1,"19":1,"20":1,"21":1,"22":1,"23":1,"24":1,"25":1,"26":1,"27":1,"28":1,"29":1,"30":1,"31":0,"32":0,"33":0,"34":0,"35":0,"36":0,"37":0,"38":1,"39":0,"40":0,"41":1,"42":4,"43":2,"44":1,"45":4,"46":2,"47":2,"48":4},"branchMap":{"0":{"type":"branch","line":3,"loc":{"start":{"line":3,"column":0},"end":{"line":49,"column":1}},"locations":[{"start":{"line":3,"column":0},"end":{"line":49,"column":1}}]},"1":{"type":"branch","line":5,"loc":{"start":{"line":5,"column":69},"end":{"line":10,"column":46}},"locations":[{"start":{"line":5,"column":69},"end":{"line":10,"column":46}}]},"2":{"type":"branch","line":6,"loc":{"start":{"line":6,"column":73},"end":{"line":6,"column":84}},"locations":[{"start":{"line":6,"column":73},"end":{"line":6,"column":84}}]},"3":{"type":"branch","line":7,"loc":{"start":{"line":7,"column":101},"end":{"line":7,"column":109}},"locations":[{"start":{"line":7,"column":101},"end":{"line":7,"column":109}}]},"4":{"type":"branch","line":10,"loc":{"start":{"line":10,"column":31},"end":{"line":10,"column":55}},"locations":[{"start":{"line":10,"column":31},"end":{"line":10,"column":55}}]},"5":{"type":"branch","line":14,"loc":{"start":{"line":14,"column":31},"end":{"line":43,"column":11}},"locations":[{"start":{"line":14,"column":31},"end":{"line":43,"column":11}}]},"6":{"type":"branch","line":31,"loc":{"start":{"line":31,"column":14},"end":{"line":38,"column":59}},"locations":[{"start":{"line":31,"column":14},"end":{"line":38,"column":59}}]},"7":{"type":"branch","line":39,"loc":{"start":{"line":39,"column":39},"end":{"line":41,"column":5}},"locations":[{"start":{"line":39,"column":39},"end":{"line":41,"column":5}}]},"8":{"type":"branch","line":43,"loc":{"start":{"line":43,"column":2},"end":{"line":46,"column":4}},"locations":[{"start":{"line":43,"column":2},"end":{"line":46,"column":4}}]},"9":{"type":"branch","line":44,"loc":{"start":{"line":44,"column":36},"end":{"line":46,"column":4}},"locations":[{"start":{"line":44,"column":36},"end":{"line":46,"column":4}}]},"10":{"type":"branch","line":46,"loc":{"start":{"line":46,"column":2},"end":{"line":46,"column":4}},"locations":[{"start":{"line":46,"column":2},"end":{"line":46,"column":4}}]},"11":{"type":"branch","line":46,"loc":{"start":{"line":46,"column":2},"end":{"line":48,"column":3}},"locations":[{"start":{"line":46,"column":2},"end":{"line":48,"column":3}}]},"12":{"type":"branch","line":6,"loc":{"start":{"line":6,"column":46},"end":{"line":6,"column":70}},"locations":[{"start":{"line":6,"column":46},"end":{"line":6,"column":70}}]},"13":{"type":"branch","line":12,"loc":{"start":{"line":12,"column":27},"end":{"line":12,"column":53}},"locations":[{"start":{"line":12,"column":27},"end":{"line":12,"column":53}}]},"14":{"type":"branch","line":19,"loc":{"start":{"line":19,"column":26},"end":{"line":19,"column":102}},"locations":[{"start":{"line":19,"column":26},"end":{"line":19,"column":102}}]},"15":{"type":"branch","line":19,"loc":{"start":{"line":19,"column":62},"end":{"line":19,"column":84}},"locations":[{"start":{"line":19,"column":62},"end":{"line":19,"column":84}}]}},"b":{"0":[4],"1":[2],"2":[0],"3":[0],"4":[1],"5":[1],"6":[0],"7":[0],"8":[2],"9":[1],"10":[0],"11":[2],"12":[2],"13":[1],"14":[1],"15":[0]},"fnMap":{"0":{"name":"callAI","decl":{"start":{"line":3,"column":0},"end":{"line":49,"column":1}},"loc":{"start":{"line":3,"column":0},"end":{"line":49,"column":1}},"line":3}},"f":{"0":4}}
,"/mnt/d/projetos/Land-Refrimix/backend/src/utils/validate.ts": {"path":"/mnt/d/projetos/Land-Refrimix/backend/src/utils/validate.ts","all":false,"statementMap":{"2":{"start":{"line":3,"column":0},"end":{"line":3,"column":105}},"3":{"start":{"line":4,"column":0},"end":{"line":4,"column":122}},"4":{"start":{"line":5,"column":0},"end":{"line":5,"column":35}},"5":{"start":{"line":6,"column":0},"end":{"line":6,"column":131}},"6":{"start":{"line":7,"column":0},"end":{"line":7,"column":116}},"7":{"start":{"line":8,"column":0},"end":{"line":8,"column":120}},"8":{"start":{"line":9,"column":0},"end":{"line":9,"column":114}},"9":{"start":{"line":10,"column":0},"end":{"line":10,"column":45}},"10":{"start":{"line":11,"column":0},"end":{"line":11,"column":26}},"11":{"start":{"line":12,"column":0},"end":{"line":12,"column":128}},"12":{"start":{"line":13,"column":0},"end":{"line":13,"column":154}},"13":{"start":{"line":14,"column":0},"end":{"line":14,"column":129}},"14":{"start":{"line":15,"column":0},"end":{"line":15,"column":117}},"15":{"start":{"line":16,"column":0},"end":{"line":16,"column":128}},"16":{"start":{"line":17,"column":0},"end":{"line":17,"column":3}},"17":{"start":{"line":18,"column":0},"end":{"line":18,"column":22}},"18":{"start":{"line":19,"column":0},"end":{"line":19,"column":1}}},"s":{"2":1,"3":6,"4":6,"5":6,"6":6,"7":6,"8":6,"9":4,"10":4,"11":4,"12":4,"13":4,"14":4,"15":4,"16":4,"17":4,"18":4},"branchMap":{"0":{"type":"branch","line":3,"loc":{"start":{"line":3,"column":7},"end":{"line":19,"column":1}},"locations":[{"start":{"line":3,"column":7},"end":{"line":19,"column":1}}]},"1":{"type":"branch","line":4,"loc":{"start":{"line":4,"column":41},"end":{"line":4,"column":122}},"locations":[{"start":{"line":4,"column":41},"end":{"line":4,"column":122}}]},"2":{"type":"branch","line":6,"loc":{"start":{"line":6,"column":55},"end":{"line":6,"column":131}},"locations":[{"start":{"line":6,"column":55},"end":{"line":6,"column":131}}]},"3":{"type":"branch","line":7,"loc":{"start":{"line":7,"column":32},"end":{"line":7,"column":116}},"locations":[{"start":{"line":7,"column":32},"end":{"line":7,"column":116}}]},"4":{"type":"branch","line":8,"loc":{"start":{"line":8,"column":27},"end":{"line":8,"column":120}},"locations":[{"start":{"line":8,"column":27},"end":{"line":8,"column":120}}]},"5":{"type":"branch","line":8,"loc":{"start":{"line":8,"column":118},"end":{"line":9,"column":35}},"locations":[{"start":{"line":8,"column":118},"end":{"line":9,"column":35}}]},"6":{"type":"branch","line":9,"loc":{"start":{"line":9,"column":28},"end":{"line":9,"column":114}},"locations":[{"start":{"line":9,"column":28},"end":{"line":9,"column":114}}]},"7":{"type":"branch","line":9,"loc":{"start":{"line":9,"column":112},"end":{"line":19,"column":1}},"locations":[{"start":{"line":9,"column":112},"end":{"line":19,"column":1}}]},"8":{"type":"branch","line":12,"loc":{"start":{"line":12,"column":37},"end":{"line":12,"column":128}},"locations":[{"start":{"line":12,"column":37},"end":{"line":12,"column":128}}]},"9":{"type":"branch","line":13,"loc":{"start":{"line":13,"column":21},"end":{"line":13,"column":51}},"locations":[{"start":{"line":13,"column":21},"end":{"line":13,"column":51}}]},"10":{"type":"branch","line":13,"loc":{"start":{"line":13,"column":51},"end":{"line":13,"column":154}},"locations":[{"start":{"line":13,"column":51},"end":{"line":13,"column":154}}]},"11":{"type":"branch","line":14,"loc":{"start":{"line":14,"column":36},"end":{"line":14,"column":129}},"locations":[{"start":{"line":14,"column":36},"end":{"line":14,"column":129}}]},"12":{"type":"branch","line":15,"loc":{"start":{"line":15,"column":27},"end":{"line":15,"column":117}},"locations":[{"start":{"line":15,"column":27},"end":{"line":15,"column":117}}]},"13":{"type":"branch","line":16,"loc":{"start":{"line":16,"column":30},"end":{"line":16,"column":128}},"locations":[{"start":{"line":16,"column":30},"end":{"line":16,"column":128}}]}},"b":{"0":[6],"1":[0],"2":[0],"3":[0],"4":[1],"5":[5],"6":[1],"7":[4],"8":[0],"9":[0],"10":[0],"11":[0],"12":[0],"13":[0]},"fnMap":{"0":{"name":"validatePayload","decl":{"start":{"line":3,"column":7},"end":{"line":19,"column":1}},"loc":{"start":{"line":3,"column":7},"end":{"line":19,"column":1}},"line":3}},"f":{"0":6}}
}
